{
  "stats": {
    "suites": 1,
    "tests": 2,
    "passes": 2,
    "pending": 0,
    "failures": 0,
    "start": "2023-08-02T19:26:37.543Z",
    "end": "2023-08-02T19:26:51.071Z",
    "duration": 13528,
    "testsRegistered": 2,
    "passPercent": 100,
    "pendingPercent": 0,
    "other": 0,
    "hasOther": false,
    "skipped": 0,
    "hasSkipped": false
  },
  "results": [
    {
      "uuid": "5abad737-05b9-4d68-9b36-3286265be8db",
      "title": "",
      "fullFile": "cypress\\e2e\\specs\\drag_slider.feature",
      "file": "cypress\\e2e\\specs\\drag_slider.feature",
      "beforeHooks": [],
      "afterHooks": [],
      "tests": [],
      "suites": [
        {
          "uuid": "b313e91a-fe3b-4cb3-ad3a-cee763cc83d6",
          "title": "Validate Lamdan-Playground",
          "fullFile": "",
          "file": "",
          "beforeHooks": [],
          "afterHooks": [],
          "tests": [
            {
              "title": "Validate chanding value for slider",
              "fullTitle": "Validate Lamdan-Playground Validate chanding value for slider",
              "timedOut": null,
              "duration": 8900,
              "state": "passed",
              "speed": "medium",
              "pass": true,
              "fail": false,
              "pending": false,
              "context": "{\n  \"title\": \"cypress-mochawesome-reporter-videos-passed\",\n  \"value\": \"cypress\\\\e2e\\\\specs\\\\drag_slider.feature\"\n}",
              "code": "var _a2, _b, _c, _d, _e;\nconst { remainingSteps, testCaseStartedId } = retrieveInternalSpecProperties();\ntaskTestCaseStarted(context, {\n  id: testCaseStartedId,\n  testCaseId,\n  attempt: attempt++,\n  timestamp: (0, messages_1.createTimestamp)()\n});\nwindow.testState = {\n  gherkinDocument,\n  pickles,\n  pickle\n};\nfor (const step of steps) {\n  if (step.hook) {\n    const hook = step.hook;\n    const testStepId = getTestStepId({\n      context,\n      pickleId: pickle.id,\n      hookIdOrPickleStepId: hook.id\n    });\n    cy.then(() => {\n      delete window.testState.pickleStep;\n      const start = (0, messages_1.createTimestamp)();\n      internalProperties.currentStepStartedAt = start;\n      taskTestStepStarted(context, {\n        testStepId,\n        testCaseStartedId,\n        timestamp: start\n      });\n      return cy.wrap(start, { log: false });\n    }).then((start) => {\n      (0, cypress_1.runStepWithLogGroup)({\n        fn: () => registry2.runHook(this, hook),\n        keyword: hook.keyword,\n        text: hook.tags\n      });\n      return cy.wrap(start, { log: false });\n    }).then((start) => {\n      const end = (0, messages_1.createTimestamp)();\n      taskTestStepFinished(context, {\n        testStepId,\n        testCaseStartedId,\n        testStepResult: {\n          status: messages.TestStepResultStatus.PASSED,\n          duration: (0, messages_1.duration)(start, end)\n        },\n        timestamp: end\n      });\n      remainingSteps.shift();\n    });\n  } else if (step.pickleStep) {\n    const pickleStep = step.pickleStep;\n    const testStepId = getTestStepId({\n      context,\n      pickleId: pickle.id,\n      hookIdOrPickleStepId: pickleStep.id\n    });\n    const text = (0, assertions_1.assertAndReturn)(pickleStep.text, \"Expected pickle step to have a text\");\n    const scenarioStep = (0, assertions_1.assertAndReturn)(context.astIdsMap.get((0, assertions_1.assertAndReturn)((_a2 = pickleStep.astNodeIds) === null || _a2 === void 0 ? void 0 : _a2[0], \"Expected to find at least one astNodeId\")), `Expected to find scenario step associated with id = ${(_b = pickleStep.astNodeIds) === null || _b === void 0 ? void 0 : _b[0]}`);\n    const argument = ((_c = pickleStep.argument) === null || _c === void 0 ? void 0 : _c.dataTable) ? new data_table_1.default(pickleStep.argument.dataTable) : ((_e = (_d = pickleStep.argument) === null || _d === void 0 ? void 0 : _d.docString) === null || _e === void 0 ? void 0 : _e.content) ? pickleStep.argument.docString.content : void 0;\n    cy.then(() => {\n      window.testState.pickleStep = step.pickleStep;\n      const start = (0, messages_1.createTimestamp)();\n      internalProperties.currentStep = { pickleStep };\n      internalProperties.currentStepStartedAt = start;\n      taskTestStepStarted(context, {\n        testStepId,\n        testCaseStartedId,\n        timestamp: start\n      });\n      return cy.wrap(start, { log: false });\n    }).then((start) => {\n      const beforeStepHooks = registry2.resolveBeforeStepHooks(tags);\n      const afterStepHooks = registry2.resolveAfterStepHooks(tags);\n      const options = {\n        pickle,\n        pickleStep,\n        gherkinDocument,\n        testCaseStartedId,\n        testStepId\n      };\n      const beforeHooksChain = beforeStepHooks.reduce((chain, beforeStepHook) => {\n        return chain.then(() => (0, cypress_1.runStepWithLogGroup)({\n          keyword: \"BeforeStep\",\n          text: beforeStepHook.tags,\n          fn: () => registry2.runStepHook(this, beforeStepHook, options)\n        }));\n      }, cy.wrap({}, { log: false }));\n      return beforeHooksChain.then(() => {\n        try {\n          return (0, cypress_1.runStepWithLogGroup)({\n            keyword: (0, assertions_1.assertAndReturn)(\"keyword\" in scenarioStep && scenarioStep.keyword, \"Expected to find a keyword in the scenario step\"),\n            argument,\n            text,\n            fn: () => registry2.runStepDefininition(this, text, argument)\n          }).then((result) => {\n            return afterStepHooks.reverse().reduce((chain, afterStepHook) => {\n              return chain.then(() => (0, cypress_1.runStepWithLogGroup)({\n                keyword: \"AfterStep\",\n                text: afterStepHook.tags,\n                fn: () => registry2.runStepHook(this, afterStepHook, options)\n              }));\n            }, cy.wrap({}, { log: false })).then(() => {\n              return { start, result };\n            });\n          });\n        } catch (e) {\n          if (e instanceof registry_1.MissingDefinitionError) {\n            throw new Error(createMissingStepDefinitionMessage(context, pickleStep, context.registry.parameterTypeRegistry));\n          } else {\n            throw e;\n          }\n        }\n      });\n    }).then(({ start, result }) => {\n      var _a3, _b2, _c2;\n      const end = (0, messages_1.createTimestamp)();\n      if (result === \"pending\") {\n        taskTestStepFinished(context, {\n          testStepId,\n          testCaseStartedId,\n          testStepResult: {\n            status: messages.TestStepResultStatus.PENDING,\n            duration: (0, messages_1.duration)(start, end)\n          },\n          timestamp: end\n        });\n        remainingSteps.shift();\n        for (const skippedStep of remainingSteps) {\n          const hookIdOrPickleStepId = (0, assertions_1.assertAndReturn)((_b2 = (_a3 = skippedStep.hook) === null || _a3 === void 0 ? void 0 : _a3.id) !== null && _b2 !== void 0 ? _b2 : (_c2 = skippedStep.pickleStep) === null || _c2 === void 0 ? void 0 : _c2.id, \"Expected a step to either be a hook or a pickleStep\");\n          const testStepId2 = getTestStepId({\n            context,\n            pickleId: pickle.id,\n            hookIdOrPickleStepId\n          });\n          taskTestStepStarted(context, {\n            testStepId: testStepId2,\n            testCaseStartedId,\n            timestamp: (0, messages_1.createTimestamp)()\n          });\n          taskTestStepFinished(context, {\n            testStepId: testStepId2,\n            testCaseStartedId,\n            testStepResult: {\n              status: messages.TestStepResultStatus.SKIPPED,\n              duration: {\n                seconds: 0,\n                nanos: 0\n              }\n            },\n            timestamp: (0, messages_1.createTimestamp)()\n          });\n        }\n        for (let i = 0, count = remainingSteps.length; i < count; i++) {\n          remainingSteps.pop();\n        }\n        cy.then(() => this.skip());\n      } else {\n        taskTestStepFinished(context, {\n          testStepId,\n          testCaseStartedId,\n          testStepResult: {\n            status: messages.TestStepResultStatus.PASSED,\n            duration: (0, messages_1.duration)(start, end)\n          },\n          timestamp: end\n        });\n        remainingSteps.shift();\n      }\n    });\n  }\n}",
              "err": {},
              "uuid": "972186ea-9269-4590-ad62-351faa86c68d",
              "parentUUID": "b313e91a-fe3b-4cb3-ad3a-cee763cc83d6",
              "isHook": false,
              "skipped": false
            },
            {
              "title": "Validate Input-Form submission",
              "fullTitle": "Validate Lamdan-Playground Validate Input-Form submission",
              "timedOut": null,
              "duration": 4568,
              "state": "passed",
              "speed": "fast",
              "pass": true,
              "fail": false,
              "pending": false,
              "context": "{\n  \"title\": \"cypress-mochawesome-reporter-videos-passed\",\n  \"value\": \"cypress\\\\e2e\\\\specs\\\\drag_slider.feature\"\n}",
              "code": "var _a2, _b, _c, _d, _e;\nconst { remainingSteps, testCaseStartedId } = retrieveInternalSpecProperties();\ntaskTestCaseStarted(context, {\n  id: testCaseStartedId,\n  testCaseId,\n  attempt: attempt++,\n  timestamp: (0, messages_1.createTimestamp)()\n});\nwindow.testState = {\n  gherkinDocument,\n  pickles,\n  pickle\n};\nfor (const step of steps) {\n  if (step.hook) {\n    const hook = step.hook;\n    const testStepId = getTestStepId({\n      context,\n      pickleId: pickle.id,\n      hookIdOrPickleStepId: hook.id\n    });\n    cy.then(() => {\n      delete window.testState.pickleStep;\n      const start = (0, messages_1.createTimestamp)();\n      internalProperties.currentStepStartedAt = start;\n      taskTestStepStarted(context, {\n        testStepId,\n        testCaseStartedId,\n        timestamp: start\n      });\n      return cy.wrap(start, { log: false });\n    }).then((start) => {\n      (0, cypress_1.runStepWithLogGroup)({\n        fn: () => registry2.runHook(this, hook),\n        keyword: hook.keyword,\n        text: hook.tags\n      });\n      return cy.wrap(start, { log: false });\n    }).then((start) => {\n      const end = (0, messages_1.createTimestamp)();\n      taskTestStepFinished(context, {\n        testStepId,\n        testCaseStartedId,\n        testStepResult: {\n          status: messages.TestStepResultStatus.PASSED,\n          duration: (0, messages_1.duration)(start, end)\n        },\n        timestamp: end\n      });\n      remainingSteps.shift();\n    });\n  } else if (step.pickleStep) {\n    const pickleStep = step.pickleStep;\n    const testStepId = getTestStepId({\n      context,\n      pickleId: pickle.id,\n      hookIdOrPickleStepId: pickleStep.id\n    });\n    const text = (0, assertions_1.assertAndReturn)(pickleStep.text, \"Expected pickle step to have a text\");\n    const scenarioStep = (0, assertions_1.assertAndReturn)(context.astIdsMap.get((0, assertions_1.assertAndReturn)((_a2 = pickleStep.astNodeIds) === null || _a2 === void 0 ? void 0 : _a2[0], \"Expected to find at least one astNodeId\")), `Expected to find scenario step associated with id = ${(_b = pickleStep.astNodeIds) === null || _b === void 0 ? void 0 : _b[0]}`);\n    const argument = ((_c = pickleStep.argument) === null || _c === void 0 ? void 0 : _c.dataTable) ? new data_table_1.default(pickleStep.argument.dataTable) : ((_e = (_d = pickleStep.argument) === null || _d === void 0 ? void 0 : _d.docString) === null || _e === void 0 ? void 0 : _e.content) ? pickleStep.argument.docString.content : void 0;\n    cy.then(() => {\n      window.testState.pickleStep = step.pickleStep;\n      const start = (0, messages_1.createTimestamp)();\n      internalProperties.currentStep = { pickleStep };\n      internalProperties.currentStepStartedAt = start;\n      taskTestStepStarted(context, {\n        testStepId,\n        testCaseStartedId,\n        timestamp: start\n      });\n      return cy.wrap(start, { log: false });\n    }).then((start) => {\n      const beforeStepHooks = registry2.resolveBeforeStepHooks(tags);\n      const afterStepHooks = registry2.resolveAfterStepHooks(tags);\n      const options = {\n        pickle,\n        pickleStep,\n        gherkinDocument,\n        testCaseStartedId,\n        testStepId\n      };\n      const beforeHooksChain = beforeStepHooks.reduce((chain, beforeStepHook) => {\n        return chain.then(() => (0, cypress_1.runStepWithLogGroup)({\n          keyword: \"BeforeStep\",\n          text: beforeStepHook.tags,\n          fn: () => registry2.runStepHook(this, beforeStepHook, options)\n        }));\n      }, cy.wrap({}, { log: false }));\n      return beforeHooksChain.then(() => {\n        try {\n          return (0, cypress_1.runStepWithLogGroup)({\n            keyword: (0, assertions_1.assertAndReturn)(\"keyword\" in scenarioStep && scenarioStep.keyword, \"Expected to find a keyword in the scenario step\"),\n            argument,\n            text,\n            fn: () => registry2.runStepDefininition(this, text, argument)\n          }).then((result) => {\n            return afterStepHooks.reverse().reduce((chain, afterStepHook) => {\n              return chain.then(() => (0, cypress_1.runStepWithLogGroup)({\n                keyword: \"AfterStep\",\n                text: afterStepHook.tags,\n                fn: () => registry2.runStepHook(this, afterStepHook, options)\n              }));\n            }, cy.wrap({}, { log: false })).then(() => {\n              return { start, result };\n            });\n          });\n        } catch (e) {\n          if (e instanceof registry_1.MissingDefinitionError) {\n            throw new Error(createMissingStepDefinitionMessage(context, pickleStep, context.registry.parameterTypeRegistry));\n          } else {\n            throw e;\n          }\n        }\n      });\n    }).then(({ start, result }) => {\n      var _a3, _b2, _c2;\n      const end = (0, messages_1.createTimestamp)();\n      if (result === \"pending\") {\n        taskTestStepFinished(context, {\n          testStepId,\n          testCaseStartedId,\n          testStepResult: {\n            status: messages.TestStepResultStatus.PENDING,\n            duration: (0, messages_1.duration)(start, end)\n          },\n          timestamp: end\n        });\n        remainingSteps.shift();\n        for (const skippedStep of remainingSteps) {\n          const hookIdOrPickleStepId = (0, assertions_1.assertAndReturn)((_b2 = (_a3 = skippedStep.hook) === null || _a3 === void 0 ? void 0 : _a3.id) !== null && _b2 !== void 0 ? _b2 : (_c2 = skippedStep.pickleStep) === null || _c2 === void 0 ? void 0 : _c2.id, \"Expected a step to either be a hook or a pickleStep\");\n          const testStepId2 = getTestStepId({\n            context,\n            pickleId: pickle.id,\n            hookIdOrPickleStepId\n          });\n          taskTestStepStarted(context, {\n            testStepId: testStepId2,\n            testCaseStartedId,\n            timestamp: (0, messages_1.createTimestamp)()\n          });\n          taskTestStepFinished(context, {\n            testStepId: testStepId2,\n            testCaseStartedId,\n            testStepResult: {\n              status: messages.TestStepResultStatus.SKIPPED,\n              duration: {\n                seconds: 0,\n                nanos: 0\n              }\n            },\n            timestamp: (0, messages_1.createTimestamp)()\n          });\n        }\n        for (let i = 0, count = remainingSteps.length; i < count; i++) {\n          remainingSteps.pop();\n        }\n        cy.then(() => this.skip());\n      } else {\n        taskTestStepFinished(context, {\n          testStepId,\n          testCaseStartedId,\n          testStepResult: {\n            status: messages.TestStepResultStatus.PASSED,\n            duration: (0, messages_1.duration)(start, end)\n          },\n          timestamp: end\n        });\n        remainingSteps.shift();\n      }\n    });\n  }\n}",
              "err": {},
              "uuid": "41e1427a-cc98-4152-a275-66c6943e3e0b",
              "parentUUID": "b313e91a-fe3b-4cb3-ad3a-cee763cc83d6",
              "isHook": false,
              "skipped": false
            }
          ],
          "suites": [],
          "passes": [
            "972186ea-9269-4590-ad62-351faa86c68d",
            "41e1427a-cc98-4152-a275-66c6943e3e0b"
          ],
          "failures": [],
          "pending": [],
          "skipped": [],
          "duration": 13468,
          "root": false,
          "rootEmpty": false,
          "_timeout": 2000
        }
      ],
      "passes": [],
      "failures": [],
      "pending": [],
      "skipped": [],
      "duration": 0,
      "root": true,
      "rootEmpty": true,
      "_timeout": 2000
    }
  ],
  "meta": {
    "mocha": {
      "version": "7.0.1"
    },
    "mochawesome": {
      "options": {
        "quiet": false,
        "reportFilename": "mochawesome",
        "saveHtml": false,
        "saveJson": true,
        "consoleReporter": "spec",
        "useInlineDiffs": false,
        "code": true
      },
      "version": "7.1.3"
    },
    "marge": {
      "options": {
        "charts": true,
        "reportPageTitle": "Fuse-Machines :: QA Report",
        "embeddedScreenshots": true,
        "inlineAssets": true,
        "saveAllAttempts": false,
        "overwrite": false,
        "html": false,
        "json": true,
        "reportDir": "cypress\\reports\\html\\.jsons"
      },
      "version": "6.2.0"
    }
  }
}